2015-05-10 21:29:42 [::1][-][-][error][yii\web\HttpException:404] exception 'yii\base\InvalidRouteException' with message 'Unable to resolve the request "site/index".' in C:\Program Files (x86)\xampp\htdocs\tnpw2\vendor\yiisoft\yii2\base\Module.php:461
Stack trace:
#0 C:\Program Files (x86)\xampp\htdocs\tnpw2\vendor\yiisoft\yii2\web\Application.php(83): yii\base\Module->runAction('site/index', Array)
#1 C:\Program Files (x86)\xampp\htdocs\tnpw2\vendor\yiisoft\yii2\base\Application.php(375): yii\web\Application->handleRequest(Object(yii\web\Request))
#2 C:\Program Files (x86)\xampp\htdocs\tnpw2\web\index.php(12): yii\base\Application->run()
#3 {main}

Next exception 'yii\web\NotFoundHttpException' with message 'Page not found.' in C:\Program Files (x86)\xampp\htdocs\tnpw2\vendor\yiisoft\yii2\web\Application.php:95
Stack trace:
#0 C:\Program Files (x86)\xampp\htdocs\tnpw2\vendor\yiisoft\yii2\base\Application.php(375): yii\web\Application->handleRequest(Object(yii\web\Request))
#1 C:\Program Files (x86)\xampp\htdocs\tnpw2\web\index.php(12): yii\base\Application->run()
#2 {main}
2015-05-10 21:29:42 [::1][-][-][info][application] $_COOKIE = [
    'SnapABugHistory' => '1#'
    'hsfirstvisit' => 'http://localhost/selfino-cz/wp-admin/admin.php?page=shareaholic-settings|http://localhost/selfino-cz/wp-admin/|1410786991968'
    '__hstc' => '181257784.fd2d33a274c4f73d058a68dab8b39308.1410786991972.1410791342747.1410795363738.3'
    'hubspotutk' => 'fd2d33a274c4f73d058a68dab8b39308'
    'newsletter' => '391-8df707a948'
    '_ga' => 'GA1.1.2094150880.1415796248'
    '_identity' => 'fd1469fb8b469050f1fd323a7a74c39ff5f39a774c346de81e3eb4ac0705cb8fa:2:{i:0;s:9:\"_identity\";i:1;s:28:\"[\"1\",\"5f7w6f4g58w5\",2592000]\";}'
    '_csrf' => '6d401167eb6fda39b3068eb3189b8cc99c416e99d5490536f40100adfafd122ba:2:{i:0;s:5:\"_csrf\";i:1;s:32:\"rjXOLRl9sZmCLb2Ub6VDkX2iIvpIuDHe\";}'
]

$_SERVER = [
    'REDIRECT_MIBDIRS' => 'C:/Program Files (x86)/xampp/php/extras/mibs'
    'REDIRECT_MYSQL_HOME' => '\\xampp\\mysql\\bin'
    'REDIRECT_OPENSSL_CONF' => 'C:/Program Files (x86)/xampp/apache/bin/openssl.cnf'
    'REDIRECT_PHP_PEAR_SYSCONF_DIR' => '\\xampp\\php'
    'REDIRECT_PHPRC' => '\\xampp\\php'
    'REDIRECT_TMP' => '\\xampp\\tmp'
    'REDIRECT_STATUS' => '200'
    'MIBDIRS' => 'C:/Program Files (x86)/xampp/php/extras/mibs'
    'MYSQL_HOME' => '\\xampp\\mysql\\bin'
    'OPENSSL_CONF' => 'C:/Program Files (x86)/xampp/apache/bin/openssl.cnf'
    'PHP_PEAR_SYSCONF_DIR' => '\\xampp\\php'
    'PHPRC' => '\\xampp\\php'
    'TMP' => '\\xampp\\tmp'
    'HTTP_HOST' => 'localhost'
    'HTTP_CONNECTION' => 'keep-alive'
    'HTTP_CACHE_CONTROL' => 'max-age=0'
    'HTTP_ACCEPT' => 'text/html,application/xhtml+xml,application/xml;q=0.9,image/webp,*/*;q=0.8'
    'HTTP_USER_AGENT' => 'Mozilla/5.0 (Windows NT 6.3; WOW64) AppleWebKit/537.36 (KHTML, like Gecko) Chrome/42.0.2311.135 Safari/537.36'
    'HTTP_REFERER' => 'http://localhost/tnpw2/web/category/akce'
    'HTTP_ACCEPT_ENCODING' => 'gzip, deflate, sdch'
    'HTTP_ACCEPT_LANGUAGE' => 'cs,ru;q=0.8'
    'HTTP_COOKIE' => 'SnapABugHistory=1#; hsfirstvisit=http%3A%2F%2Flocalhost%2Fselfino-cz%2Fwp-admin%2Fadmin.php%3Fpage%3Dshareaholic-settings|http%3A%2F%2Flocalhost%2Fselfino-cz%2Fwp-admin%2F|1410786991968; __hstc=181257784.fd2d33a274c4f73d058a68dab8b39308.1410786991972.1410791342747.1410795363738.3; hubspotutk=fd2d33a274c4f73d058a68dab8b39308; newsletter=391-8df707a948; _ga=GA1.1.2094150880.1415796248; _identity=fd1469fb8b469050f1fd323a7a74c39ff5f39a774c346de81e3eb4ac0705cb8fa%3A2%3A%7Bi%3A0%3Bs%3A9%3A%22_identity%22%3Bi%3A1%3Bs%3A28%3A%22%5B%221%22%2C%225f7w6f4g58w5%22%2C2592000%5D%22%3B%7D; _csrf=6d401167eb6fda39b3068eb3189b8cc99c416e99d5490536f40100adfafd122ba%3A2%3A%7Bi%3A0%3Bs%3A5%3A%22_csrf%22%3Bi%3A1%3Bs%3A32%3A%22rjXOLRl9sZmCLb2Ub6VDkX2iIvpIuDHe%22%3B%7D'
    'PATH' => 'C:\\Program Files (x86)\\NVIDIA Corporation\\PhysX\\Common;C:\\ProgramData\\Oracle\\Java\\javapath;C:\\Program Files (x86)\\Intel\\iCLS Client\\;C:\\Program Files\\Intel\\iCLS Client\\;C:\\Windows\\system32;C:\\Windows;C:\\Windows\\System32\\Wbem;C:\\Windows\\System32\\WindowsPowerShell\\v1.0\\;C:\\Program Files\\Intel\\Intel(R) Management Engine Components\\DAL;C:\\Program Files\\Intel\\Intel(R) Management Engine Components\\IPT;C:\\Program Files (x86)\\Intel\\Intel(R) Management Engine Components\\DAL;C:\\Program Files (x86)\\Intel\\Intel(R) Management Engine Components\\IPT;C:\\Program Files (x86)\\GitExtensions\\;C:\\Program Files\\cURL\\bin;D:\\web\\Vagrant\\bin;C:\\Program Files\\OpenVPN\\bin;C:\\Program Files (x86)\\Git\\bin;C:\\Program Files\\MiKTeX 2.9\\miktex\\bin\\x64\\;c:\\Program Files (x86)\\xampp\\php\\;C:\\ProgramData\\ComposerSetup\\bin;C:\\Program Files (x86)\\Skype\\Phone\\'
    'SystemRoot' => 'C:\\Windows'
    'COMSPEC' => 'C:\\Windows\\system32\\cmd.exe'
    'PATHEXT' => '.COM;.EXE;.BAT;.CMD;.VBS;.VBE;.JS;.JSE;.WSF;.WSH;.MSC'
    'WINDIR' => 'C:\\Windows'
    'SERVER_SIGNATURE' => '<address>Apache/2.4.9 (Win32) OpenSSL/1.0.1g PHP/5.5.11 Server at localhost Port 80</address>
'
    'SERVER_SOFTWARE' => 'Apache/2.4.9 (Win32) OpenSSL/1.0.1g PHP/5.5.11'
    'SERVER_NAME' => 'localhost'
    'SERVER_ADDR' => '::1'
    'SERVER_PORT' => '80'
    'REMOTE_ADDR' => '::1'
    'DOCUMENT_ROOT' => 'C:/Program Files (x86)/xampp/htdocs'
    'REQUEST_SCHEME' => 'http'
    'CONTEXT_PREFIX' => ''
    'CONTEXT_DOCUMENT_ROOT' => 'C:/Program Files (x86)/xampp/htdocs'
    'SERVER_ADMIN' => 'postmaster@localhost'
    'SCRIPT_FILENAME' => 'C:/Program Files (x86)/xampp/htdocs/tnpw2/web/index.php'
    'REMOTE_PORT' => '63982'
    'REDIRECT_URL' => '/tnpw2/web/index'
    'GATEWAY_INTERFACE' => 'CGI/1.1'
    'SERVER_PROTOCOL' => 'HTTP/1.1'
    'REQUEST_METHOD' => 'GET'
    'QUERY_STRING' => ''
    'REQUEST_URI' => '/tnpw2/web/index'
    'SCRIPT_NAME' => '/tnpw2/web/index.php'
    'PHP_SELF' => '/tnpw2/web/index.php'
    'REQUEST_TIME_FLOAT' => 1431286182.127
    'REQUEST_TIME' => 1431286182
]
